<?xml version="1.0" encoding="UTF-8"?>
<robot generated="20160816 00:41:28.551" generator="Robot 3.0 (Python 2.7.11 on win32)">
<suite source="C:\Users\gfung\Documents\RobotFrameworkTeam\CSOD_RobotFramework\COMP" id="s1" name="COMP">
<suite source="C:\Users\gfung\Documents\RobotFrameworkTeam\CSOD_RobotFramework\COMP\TestSuites" id="s1-s1" name="TestSuites">
<suite source="C:\Users\gfung\Documents\RobotFrameworkTeam\CSOD_RobotFramework\COMP\TestSuites\COMP-Custom-Reports.robot" id="s1-s1-s1" name="COMP-Custom-Reports">
<kw type="setup" name="Global Test Fixture Suite Setup" library="GlobalKeywords">
<doc>Test fixture that handles suite setup</doc>
<kw name="Append To Environment Variable" library="OperatingSystem">
<doc>Appends given ``values`` to environment variable ``name``.</doc>
<arguments>
<arg>PATH</arg>
<arg>${cfg_global_resource_webdrivers}</arg>
</arguments>
<msg timestamp="20160816 00:41:29.035" level="INFO">Environment variable 'PATH' set to value 'C:\ProgramData\Oracle\Java\javapath;C:\Python27\;C:\Python27\Scripts;C:\Windows\system32;C:\Windows;C:\Windows\System32\Wbem;C:\Windows\System32\WindowsPowerShell\v1.0\;C:\Program Files\Git\cmd;C:\Users\gfung\Documents\RobotFrameworkTeam\CSOD_RobotFramework\COMP\Resources\WebDrivers\'.</msg>
<status status="PASS" endtime="20160816 00:41:29.035" starttime="20160816 00:41:29.035"></status>
</kw>
<kw name="Global Open Application" library="GlobalKeywords">
<doc>Opens a browser session in the specified browser, navigates to the specified URL, and maximizes the browser window.  http://robotframework.org/Selenium2Library/doc/Selenium2Library.html#Open%20Browser</doc>
<arguments>
<arg>${cfg_global_login_url}</arg>
<arg>${cfg_global_login_browser}</arg>
</arguments>
<kw name="Open Browser" library="Selenium2Library">
<doc>Opens a new browser instance to given URL.</doc>
<arguments>
<arg>${url}</arg>
<arg>${browser}</arg>
<arg>remote_url=${cfg_sauceLabs_remoteUrl}</arg>
<arg>desired_capabilities=${cfg_sauceLabs_desiredCapabilities}</arg>
</arguments>
<msg timestamp="20160816 00:41:29.035" level="INFO">Opening browser 'chrome' to base url 'https://qa05.csod.com/'</msg>
<status status="PASS" endtime="20160816 00:41:31.128" starttime="20160816 00:41:29.035"></status>
</kw>
<kw name="Maximize Browser Window" library="Selenium2Library">
<doc>Maximizes current browser window.</doc>
<status status="PASS" endtime="20160816 00:41:31.376" starttime="20160816 00:41:31.129"></status>
</kw>
<status status="PASS" endtime="20160816 00:41:31.377" starttime="20160816 00:41:29.035"></status>
</kw>
<status status="PASS" endtime="20160816 00:41:31.377" starttime="20160816 00:41:29.035"></status>
</kw>
<test id="s1-s1-s1-t1" name="Comp_Cust_Report_Static_Report">
<kw type="setup" name="Global Test Fixture Test Setup" library="GlobalKeywords">
<doc>Test fixture that handles test setup</doc>
<kw name="Global Login" library="GlobalKeywords">
<doc>Log into the CSOD application</doc>
<arguments>
<arg>${cfg_global_login_corp}</arg>
<arg>${cfg_global_login_username}</arg>
<arg>${cfg_global_login_password}</arg>
</arguments>
<kw name="Utility Input Text" library="UtilityKeywords">
<arguments>
<arg>${obj_global_login_corp}</arg>
<arg>${corp}</arg>
</arguments>
<kw name="Utility Sync Element" library="UtilityKeywords">
<arguments>
<arg>${locator}</arg>
</arguments>
<kw name="Run Keyword And Ignore Error" library="BuiltIn">
<doc>Runs the given keyword with the given arguments and ignores possible error.</doc>
<arguments>
<arg>Wait Until Element Is Visible</arg>
<arg>${locator}</arg>
<arg>${timeout}</arg>
</arguments>
<assign>
<var>${syncElementReturn1}</var>
</assign>
<kw name="Wait Until Element Is Visible" library="Selenium2Library">
<doc>Waits until element specified with `locator` is visible.</doc>
<arguments>
<arg>${locator}</arg>
<arg>${timeout}</arg>
</arguments>
<status status="PASS" endtime="20160816 00:41:31.442" starttime="20160816 00:41:31.386"></status>
</kw>
<msg timestamp="20160816 00:41:31.443" level="INFO">${syncElementReturn1} = ('PASS', None)</msg>
<status status="PASS" endtime="20160816 00:41:31.443" starttime="20160816 00:41:31.385"></status>
</kw>
<kw name="Focus" library="Selenium2Library">
<doc>Sets focus to element identified by `locator`.</doc>
<arguments>
<arg>${locator}</arg>
</arguments>
<status status="PASS" endtime="20160816 00:41:31.463" starttime="20160816 00:41:31.444"></status>
</kw>
<status status="PASS" endtime="20160816 00:41:31.464" starttime="20160816 00:41:31.384"></status>
</kw>
<kw name="Input Text" library="Selenium2Library">
<doc>Types the given `text` into text field identified by `locator`.</doc>
<arguments>
<arg>${locator}</arg>
<arg>${inputText}</arg>
</arguments>
<msg timestamp="20160816 00:41:31.465" level="INFO">Typing text 'QA052-AUTO-QADEF2' into text field 'id=corpBox'</msg>
<status status="PASS" endtime="20160816 00:41:31.640" starttime="20160816 00:41:31.465"></status>
</kw>
<status status="PASS" endtime="20160816 00:41:31.640" starttime="20160816 00:41:31.383"></status>
</kw>
<kw name="Utility Input Text" library="UtilityKeywords">
<arguments>
<arg>${obj_global_login_username}</arg>
<arg>${username}</arg>
</arguments>
<kw name="Utility Sync Element" library="UtilityKeywords">
<arguments>
<arg>${locator}</arg>
</arguments>
<kw name="Run Keyword And Ignore Error" library="BuiltIn">
<doc>Runs the given keyword with the given arguments and ignores possible error.</doc>
<arguments>
<arg>Wait Until Element Is Visible</arg>
<arg>${locator}</arg>
<arg>${timeout}</arg>
</arguments>
<assign>
<var>${syncElementReturn1}</var>
</assign>
<kw name="Wait Until Element Is Visible" library="Selenium2Library">
<doc>Waits until element specified with `locator` is visible.</doc>
<arguments>
<arg>${locator}</arg>
<arg>${timeout}</arg>
</arguments>
<status status="PASS" endtime="20160816 00:41:31.724" starttime="20160816 00:41:31.644"></status>
</kw>
<msg timestamp="20160816 00:41:31.725" level="INFO">${syncElementReturn1} = ('PASS', None)</msg>
<status status="PASS" endtime="20160816 00:41:31.725" starttime="20160816 00:41:31.643"></status>
</kw>
<kw name="Focus" library="Selenium2Library">
<doc>Sets focus to element identified by `locator`.</doc>
<arguments>
<arg>${locator}</arg>
</arguments>
<status status="PASS" endtime="20160816 00:41:31.745" starttime="20160816 00:41:31.726"></status>
</kw>
<status status="PASS" endtime="20160816 00:41:31.746" starttime="20160816 00:41:31.642"></status>
</kw>
<kw name="Input Text" library="Selenium2Library">
<doc>Types the given `text` into text field identified by `locator`.</doc>
<arguments>
<arg>${locator}</arg>
<arg>${inputText}</arg>
</arguments>
<msg timestamp="20160816 00:41:31.747" level="INFO">Typing text 'ca' into text field 'id=userNameBox'</msg>
<status status="PASS" endtime="20160816 00:41:31.836" starttime="20160816 00:41:31.746"></status>
</kw>
<status status="PASS" endtime="20160816 00:41:31.837" starttime="20160816 00:41:31.641"></status>
</kw>
<kw name="Utility Input Text" library="UtilityKeywords">
<arguments>
<arg>${obj_global_login_password}</arg>
<arg>${password}</arg>
</arguments>
<kw name="Utility Sync Element" library="UtilityKeywords">
<arguments>
<arg>${locator}</arg>
</arguments>
<kw name="Run Keyword And Ignore Error" library="BuiltIn">
<doc>Runs the given keyword with the given arguments and ignores possible error.</doc>
<arguments>
<arg>Wait Until Element Is Visible</arg>
<arg>${locator}</arg>
<arg>${timeout}</arg>
</arguments>
<assign>
<var>${syncElementReturn1}</var>
</assign>
<kw name="Wait Until Element Is Visible" library="Selenium2Library">
<doc>Waits until element specified with `locator` is visible.</doc>
<arguments>
<arg>${locator}</arg>
<arg>${timeout}</arg>
</arguments>
<status status="PASS" endtime="20160816 00:41:31.884" starttime="20160816 00:41:31.841"></status>
</kw>
<msg timestamp="20160816 00:41:31.885" level="INFO">${syncElementReturn1} = ('PASS', None)</msg>
<status status="PASS" endtime="20160816 00:41:31.885" starttime="20160816 00:41:31.840"></status>
</kw>
<kw name="Focus" library="Selenium2Library">
<doc>Sets focus to element identified by `locator`.</doc>
<arguments>
<arg>${locator}</arg>
</arguments>
<status status="PASS" endtime="20160816 00:41:31.904" starttime="20160816 00:41:31.886"></status>
</kw>
<status status="PASS" endtime="20160816 00:41:31.904" starttime="20160816 00:41:31.839"></status>
</kw>
<kw name="Input Text" library="Selenium2Library">
<doc>Types the given `text` into text field identified by `locator`.</doc>
<arguments>
<arg>${locator}</arg>
<arg>${inputText}</arg>
</arguments>
<msg timestamp="20160816 00:41:31.906" level="INFO">Typing text 'popeye123' into text field 'id=passWordBox'</msg>
<status status="PASS" endtime="20160816 00:41:32.012" starttime="20160816 00:41:31.905"></status>
</kw>
<status status="PASS" endtime="20160816 00:41:32.013" starttime="20160816 00:41:31.837"></status>
</kw>
<kw name="Utility Click Element" library="UtilityKeywords">
<arguments>
<arg>${obj_global_login_loginButton}</arg>
</arguments>
<kw name="Utility Sync Element" library="UtilityKeywords">
<arguments>
<arg>${locator}</arg>
<arg>${timeout}</arg>
</arguments>
<kw name="Run Keyword And Ignore Error" library="BuiltIn">
<doc>Runs the given keyword with the given arguments and ignores possible error.</doc>
<arguments>
<arg>Wait Until Element Is Visible</arg>
<arg>${locator}</arg>
<arg>${timeout}</arg>
</arguments>
<assign>
<var>${syncElementReturn1}</var>
</assign>
<kw name="Wait Until Element Is Visible" library="Selenium2Library">
<doc>Waits until element specified with `locator` is visible.</doc>
<arguments>
<arg>${locator}</arg>
<arg>${timeout}</arg>
</arguments>
<status status="PASS" endtime="20160816 00:41:32.056" starttime="20160816 00:41:32.016"></status>
</kw>
<msg timestamp="20160816 00:41:32.056" level="INFO">${syncElementReturn1} = ('PASS', None)</msg>
<status status="PASS" endtime="20160816 00:41:32.056" starttime="20160816 00:41:32.015"></status>
</kw>
<kw name="Focus" library="Selenium2Library">
<doc>Sets focus to element identified by `locator`.</doc>
<arguments>
<arg>${locator}</arg>
</arguments>
<status status="PASS" endtime="20160816 00:41:32.079" starttime="20160816 00:41:32.056"></status>
</kw>
<status status="PASS" endtime="20160816 00:41:32.079" starttime="20160816 00:41:32.014"></status>
</kw>
<kw name="Wait Until Keyword Succeeds" library="BuiltIn">
<doc>Runs the specified keyword and retries if it fails.</doc>
<arguments>
<arg>2 x</arg>
<arg>5s</arg>
<arg>Click Element</arg>
<arg>${locator}</arg>
</arguments>
<kw name="Click Element" library="Selenium2Library">
<doc>Click element identified by `locator`.</doc>
<arguments>
<arg>${locator}</arg>
</arguments>
<msg timestamp="20160816 00:41:32.082" level="INFO">Clicking element 'id=submit'.</msg>
<status status="PASS" endtime="20160816 00:41:32.133" starttime="20160816 00:41:32.081"></status>
</kw>
<status status="PASS" endtime="20160816 00:41:32.133" starttime="20160816 00:41:32.080"></status>
</kw>
<status status="PASS" endtime="20160816 00:41:32.134" starttime="20160816 00:41:32.013"></status>
</kw>
<kw name="Utility Page Should Contain" library="UtilityKeywords">
<arguments>
<arg>${cfg_global_home_pagesync}</arg>
</arguments>
<kw name="Wait Until Page Contains" library="Selenium2Library">
<doc>Waits until `text` appears on current page.</doc>
<arguments>
<arg>${text}</arg>
<arg>${timeout}</arg>
</arguments>
<assign>
<var>${pgShouldContainRet1}</var>
</assign>
<msg timestamp="20160816 00:41:34.929" level="INFO">${pgShouldContainRet1} = None</msg>
<status status="PASS" endtime="20160816 00:41:34.929" starttime="20160816 00:41:32.136"></status>
</kw>
<status status="PASS" endtime="20160816 00:41:34.930" starttime="20160816 00:41:32.135"></status>
</kw>
<status status="PASS" endtime="20160816 00:41:34.930" starttime="20160816 00:41:31.381"></status>
</kw>
<status status="PASS" endtime="20160816 00:41:34.931" starttime="20160816 00:41:31.380"></status>
</kw>
<kw name="Maximize Browser Window" library="Selenium2Library">
<doc>Maximizes current browser window.</doc>
<status status="PASS" endtime="20160816 00:41:34.941" starttime="20160816 00:41:34.933"></status>
</kw>
<kw name="comp_nav_to_cust_report" library="COMP_Config">
<arguments>
<arg>CO-Planners (copy)</arg>
</arguments>
<kw name="csodUtilClick" library="CSOD_Keywords">
<arguments>
<arg>${report.search_tab}</arg>
</arguments>
<kw name="Wait Until Keyword Succeeds" library="BuiltIn">
<doc>Runs the specified keyword and retries if it fails.</doc>
<arguments>
<arg>2 x</arg>
<arg>5s</arg>
<arg>Selenium2Library.Click Element</arg>
<arg>${locatorclick}</arg>
</arguments>
<kw name="Click Element" library="Selenium2Library">
<doc>Click element identified by `locator`.</doc>
<arguments>
<arg>${locatorclick}</arg>
</arguments>
<msg timestamp="20160816 00:41:34.945" level="INFO">Clicking element 'xpath=//label[.='Reports']'.</msg>
<status status="PASS" endtime="20160816 00:41:35.945" starttime="20160816 00:41:34.944"></status>
</kw>
<status status="PASS" endtime="20160816 00:41:35.946" starttime="20160816 00:41:34.943"></status>
</kw>
<status status="PASS" endtime="20160816 00:41:35.946" starttime="20160816 00:41:34.942"></status>
</kw>
<kw name="csodUtilClick" library="CSOD_Keywords">
<arguments>
<arg>${report.custom_reports}</arg>
</arguments>
<kw name="Wait Until Keyword Succeeds" library="BuiltIn">
<doc>Runs the specified keyword and retries if it fails.</doc>
<arguments>
<arg>2 x</arg>
<arg>5s</arg>
<arg>Selenium2Library.Click Element</arg>
<arg>${locatorclick}</arg>
</arguments>
<kw name="Click Element" library="Selenium2Library">
<doc>Click element identified by `locator`.</doc>
<arguments>
<arg>${locatorclick}</arg>
</arguments>
<msg timestamp="20160816 00:41:35.949" level="INFO">Clicking element 'css=a[href='/analytics/Main.aspx?tab_page_id=-301']'.</msg>
<status status="PASS" endtime="20160816 00:41:40.164" starttime="20160816 00:41:35.949"></status>
</kw>
<status status="PASS" endtime="20160816 00:41:40.165" starttime="20160816 00:41:35.948"></status>
</kw>
<status status="PASS" endtime="20160816 00:41:40.165" starttime="20160816 00:41:35.947"></status>
</kw>
<kw name="csodUtilInputText" library="CSOD_Keywords">
<arguments>
<arg>${report.search_reports}</arg>
<arg>${Comp_Report_Title}</arg>
</arguments>
<kw name="Wait Until Keyword Succeeds" library="BuiltIn">
<doc>Runs the specified keyword and retries if it fails.</doc>
<arguments>
<arg>2 x</arg>
<arg>5s</arg>
<arg>Selenium2Library.Input Text</arg>
<arg>${locator}</arg>
<arg>${input}</arg>
</arguments>
<kw name="Input Text" library="Selenium2Library">
<doc>Types the given `text` into text field identified by `locator`.</doc>
<arguments>
<arg>${locator}</arg>
<arg>${input}</arg>
</arguments>
<msg timestamp="20160816 00:41:40.169" level="INFO">Typing text 'CO-Planners (copy)' into text field 'id=txtSearch'</msg>
<status status="PASS" endtime="20160816 00:41:40.379" starttime="20160816 00:41:40.168"></status>
</kw>
<status status="PASS" endtime="20160816 00:41:40.379" starttime="20160816 00:41:40.167"></status>
</kw>
<status status="PASS" endtime="20160816 00:41:40.380" starttime="20160816 00:41:40.166"></status>
</kw>
<kw name="csodUtilClick" library="CSOD_Keywords">
<arguments>
<arg>${report.search_btn}</arg>
</arguments>
<kw name="Wait Until Keyword Succeeds" library="BuiltIn">
<doc>Runs the specified keyword and retries if it fails.</doc>
<arguments>
<arg>2 x</arg>
<arg>5s</arg>
<arg>Selenium2Library.Click Element</arg>
<arg>${locatorclick}</arg>
</arguments>
<kw name="Click Element" library="Selenium2Library">
<doc>Click element identified by `locator`.</doc>
<arguments>
<arg>${locatorclick}</arg>
</arguments>
<msg timestamp="20160816 00:41:40.383" level="INFO">Clicking element 'css=a.cso-btn.cso-btn-blue.cso-corner'.</msg>
<status status="PASS" endtime="20160816 00:41:40.543" starttime="20160816 00:41:40.383"></status>
</kw>
<status status="PASS" endtime="20160816 00:41:40.543" starttime="20160816 00:41:40.382"></status>
</kw>
<status status="PASS" endtime="20160816 00:41:40.544" starttime="20160816 00:41:40.381"></status>
</kw>
<kw name="csodUtilClick" library="CSOD_Keywords">
<arguments>
<arg>${report.action_btn}</arg>
</arguments>
<kw name="Wait Until Keyword Succeeds" library="BuiltIn">
<doc>Runs the specified keyword and retries if it fails.</doc>
<arguments>
<arg>2 x</arg>
<arg>5s</arg>
<arg>Selenium2Library.Click Element</arg>
<arg>${locatorclick}</arg>
</arguments>
<kw name="Click Element" library="Selenium2Library">
<doc>Click element identified by `locator`.</doc>
<arguments>
<arg>${locatorclick}</arg>
</arguments>
<msg timestamp="20160816 00:41:40.547" level="INFO">Clicking element 'css=span.action-btn-icon'.</msg>
<status status="PASS" endtime="20160816 00:41:40.626" starttime="20160816 00:41:40.546"></status>
</kw>
<status status="PASS" endtime="20160816 00:41:40.626" starttime="20160816 00:41:40.546"></status>
</kw>
<status status="PASS" endtime="20160816 00:41:40.627" starttime="20160816 00:41:40.545"></status>
</kw>
<kw name="csodUtilClick" library="CSOD_Keywords">
<arguments>
<arg>${report.action_edit}</arg>
</arguments>
<kw name="Wait Until Keyword Succeeds" library="BuiltIn">
<doc>Runs the specified keyword and retries if it fails.</doc>
<arguments>
<arg>2 x</arg>
<arg>5s</arg>
<arg>Selenium2Library.Click Element</arg>
<arg>${locatorclick}</arg>
</arguments>
<kw name="Click Element" library="Selenium2Library">
<doc>Click element identified by `locator`.</doc>
<arguments>
<arg>${locatorclick}</arg>
</arguments>
<msg timestamp="20160816 00:41:40.632" level="INFO">Clicking element 'css=#ui-id-34'.</msg>
<status status="PASS" endtime="20160816 00:41:52.400" starttime="20160816 00:41:40.631"></status>
</kw>
<status status="PASS" endtime="20160816 00:41:52.400" starttime="20160816 00:41:40.630"></status>
</kw>
<status status="PASS" endtime="20160816 00:41:52.401" starttime="20160816 00:41:40.628"></status>
</kw>
<status status="PASS" endtime="20160816 00:41:52.401" starttime="20160816 00:41:34.941"></status>
</kw>
<kw type="teardown" name="Global Test Fixture Go To URL Teardown" library="GlobalKeywords">
<kw name="Run Keyword If" library="BuiltIn">
<doc>Runs the given keyword with the given arguments, if ``condition`` is true.</doc>
<arguments>
<arg>'${TEST_STATUS}'=='FAIL'</arg>
<arg>Log Source</arg>
</arguments>
<status status="PASS" endtime="20160816 00:41:52.411" starttime="20160816 00:41:52.403"></status>
</kw>
<kw name="Utility Go To URL" library="UtilityKeywords">
<arguments>
<arg>${cfg_global_login_url}</arg>
</arguments>
<kw name="Run Keyword And Ignore Error" library="BuiltIn">
<doc>Runs the given keyword with the given arguments and ignores possible error.</doc>
<arguments>
<arg>Go To</arg>
<arg>${GoToURL}</arg>
</arguments>
<kw name="Go To" library="Selenium2Library">
<doc>Navigates the active browser instance to the provided URL.</doc>
<arguments>
<arg>${GoToURL}</arg>
</arguments>
<msg timestamp="20160816 00:41:52.414" level="INFO">Opening url 'https://qa05.csod.com/'</msg>
<kw name="Capture Page Screenshot" library="Selenium2Library">
<doc>Takes a screenshot of the current page and embeds it into the log.</doc>
<msg timestamp="20160816 00:51:52.499" level="FAIL">UnexpectedAlertPresentException: Alert Text: None
&lt;super: &lt;class 'WebDriverException'&gt;, &lt;UnexpectedAlertPresentException object&gt;&gt;</msg>
<status status="FAIL" endtime="20160816 00:51:52.500" starttime="20160816 00:51:52.479"></status>
</kw>
<msg timestamp="20160816 00:51:52.501" level="WARN">Keyword 'Capture Page Screenshot' could not be run on failure: UnexpectedAlertPresentException: Alert Text: None
&lt;super: &lt;class 'WebDriverException'&gt;, &lt;UnexpectedAlertPresentException object&gt;&gt;</msg>
<msg timestamp="20160816 00:51:52.503" level="FAIL">WebDriverException: Message: unknown error: cannot determine loading status
from timeout: Timed out receiving message from renderer: 600.000
  (Session info: chrome=52.0.2743.116)
  (Driver info: chromedriver=2.20.353145 (343b531d31eeb933ec778dbcf7081628a1396067),platform=Windows NT 6.3 x86_64)
</msg>
<status status="FAIL" endtime="20160816 00:51:52.504" starttime="20160816 00:41:52.413"></status>
</kw>
<status status="PASS" endtime="20160816 00:51:52.504" starttime="20160816 00:41:52.412"></status>
</kw>
<status status="PASS" endtime="20160816 00:51:52.505" starttime="20160816 00:41:52.411"></status>
</kw>
<kw name="Run Keyword If" library="BuiltIn">
<doc>Runs the given keyword with the given arguments, if ``condition`` is true.</doc>
<arguments>
<arg>'${TEST_STATUS}'=='FAIL'</arg>
<arg>Global Test Fixture Suite Teardown</arg>
</arguments>
<status status="PASS" endtime="20160816 00:51:52.518" starttime="20160816 00:51:52.506"></status>
</kw>
<kw name="Run Keyword If" library="BuiltIn">
<doc>Runs the given keyword with the given arguments, if ``condition`` is true.</doc>
<arguments>
<arg>'${TEST_STATUS}'=='FAIL'</arg>
<arg>Global Test Fixture Suite Setup</arg>
</arguments>
<status status="PASS" endtime="20160816 00:51:52.530" starttime="20160816 00:51:52.519"></status>
</kw>
<status status="PASS" endtime="20160816 00:51:52.531" starttime="20160816 00:41:52.402"></status>
</kw>
<tags>
<tag>COMPCUSTREP</tag>
</tags>
<status status="PASS" endtime="20160816 00:51:52.532" critical="yes" starttime="20160816 00:41:31.378"></status>
</test>
<kw type="teardown" name="Global Test Fixture Suite Teardown with Email Attachment" library="GlobalKeywords">
<doc>Test fixture that handles suite teardown</doc>
<kw name="Close All Browsers" library="Selenium2Library">
<doc>Closes all open browsers and resets the browser cache.</doc>
<status status="PASS" endtime="20160816 00:51:53.913" starttime="20160816 00:51:52.537"></status>
</kw>
<kw name="Set Variable" library="BuiltIn">
<doc>Returns the given values which can then be assigned to a variables.</doc>
<arguments>
<arg>${SUITE_STATUS}</arg>
</arguments>
<assign>
<var>${comp_status}</var>
</assign>
<msg timestamp="20160816 00:51:53.913" level="INFO">${comp_status} = PASS</msg>
<status status="PASS" endtime="20160816 00:51:53.913" starttime="20160816 00:51:53.913"></status>
</kw>
<kw name="Set Variable" library="BuiltIn">
<doc>Returns the given values which can then be assigned to a variables.</doc>
<arguments>
<arg>${SUITE_NAME}</arg>
</arguments>
<assign>
<var>${comp_suite_name}</var>
</assign>
<msg timestamp="20160816 00:51:53.913" level="INFO">${comp_suite_name} = COMP.TestSuites.COMP-Custom-Reports</msg>
<status status="PASS" endtime="20160816 00:51:53.913" starttime="20160816 00:51:53.913"></status>
</kw>
<kw name="Send Mail With Attachment" library="GmailEmailLibrary">
<arguments>
<arg>geefung@gmail.com</arg>
<arg>popeye123</arg>
<arg>gfung@csod.com</arg>
<arg>${comp_smoke_test_status} ${comp_suite_name} ${cfg_global_login_profile} ${comp_status}</arg>
<arg>This is the Compensation Smoketest please take the time to review the Test Suite results attached html file.</arg>
<arg>C:\\Users\\gfung\\Documents\\RobotFrameworkTeam\\CSOD_RobotFramework\\COMP\\TestResults\\report.html</arg>
</arguments>
<status status="PASS" endtime="20160816 00:51:57.616" starttime="20160816 00:51:53.913"></status>
</kw>
<status status="PASS" endtime="20160816 00:51:57.616" starttime="20160816 00:51:52.535"></status>
</kw>
<metadata>
<item name="Log of First Run">[first_run_log.html|first_run_log.html]</item>
<item name="Log of Second Run">[second_run_log.html|second_run_log.html]</item>
</metadata>
<status status="PASS" endtime="20160816 00:51:57.616" starttime="20160816 00:41:28.613"></status>
</suite>
<status status="PASS" endtime="20160816 00:51:57.631" starttime="20160816 00:41:28.613"></status>
</suite>
<status status="PASS" endtime="20160816 00:51:57.631" starttime="20160816 00:41:28.582"></status>
</suite>
<statistics>
<total>
<stat fail="0" pass="1">Critical Tests</stat>
<stat fail="0" pass="1">All Tests</stat>
</total>
<tag>
<stat fail="0" pass="1">COMPCUSTREP</stat>
</tag>
<suite>
<stat fail="0" id="s1" name="COMP" pass="1">COMP</stat>
<stat fail="0" id="s1-s1" name="TestSuites" pass="1">COMP.TestSuites</stat>
<stat fail="0" id="s1-s1-s1" name="COMP-Custom-Reports" pass="1">COMP.TestSuites.COMP-Custom-Reports</stat>
</suite>
</statistics>
<errors>
<msg timestamp="20160816 00:51:52.501" level="WARN">Keyword 'Capture Page Screenshot' could not be run on failure: UnexpectedAlertPresentException: Alert Text: None
&lt;super: &lt;class 'WebDriverException'&gt;, &lt;UnexpectedAlertPresentException object&gt;&gt;</msg>
</errors>
</robot>
