<?xml version="1.0" encoding="UTF-8"?>
<robot generated="20161102 01:43:12.904" generator="Robot 3.0 (Python 2.7.12 on win32)">
<suite source="C:\Users\gfung\.jenkins\workspace\COMP-Smoketest-Admin-Side\COMP\TestSuites" id="s1" name="TestSuites">
<suite source="C:\Users\gfung\.jenkins\workspace\COMP-Smoketest-Admin-Side\COMP\TestSuites\COMP-Smoketest-Admin-Side.robot" id="s1-s1" name="COMP-Smoketest-Admin-Side">
<kw type="setup" name="Global Test Fixture Suite Setup" library="GlobalKeywords">
<doc>Test fixture that handles suite setup</doc>
<kw name="Append To Environment Variable" library="OperatingSystem">
<doc>Appends given ``values`` to environment variable ``name``.</doc>
<arguments>
<arg>PATH</arg>
<arg>${cfg_global_resource_webdrivers}</arg>
</arguments>
<msg timestamp="20161102 01:43:15.250" level="INFO">Environment variable 'PATH' set to value 'C:\ProgramData\Oracle\Java\javapath;C:\Python27\;C:\Python27\Scripts;C:\Users\gfung\.jenkins\workspace\COMP-Smoketest-Admin-Side\COMP\Resources\WebDrivers\'.</msg>
<status status="PASS" endtime="20161102 01:43:15.250" starttime="20161102 01:43:15.249"></status>
</kw>
<kw name="Global Open Application" library="GlobalKeywords">
<doc>Opens a browser session in the specified browser, navigates to the specified URL, and maximizes the browser window.  http://robotframework.org/Selenium2Library/doc/Selenium2Library.html#Open%20Browser</doc>
<arguments>
<arg>${cfg_global_login_url}</arg>
<arg>${cfg_global_login_browser}</arg>
</arguments>
<kw name="Open Browser" library="Selenium2Library">
<doc>Opens a new browser instance to given URL.</doc>
<arguments>
<arg>${url}</arg>
<arg>${browser}</arg>
<arg>remote_url=${cfg_sauceLabs_remoteUrl}</arg>
<arg>desired_capabilities=${cfg_sauceLabs_desiredCapabilities}</arg>
</arguments>
<msg timestamp="20161102 01:43:15.253" level="INFO">Opening browser 'chrome' to base url 'https://qa05.csod.com/'</msg>
<kw name="Capture Page Screenshot" library="Selenium2Library">
<doc>Takes a screenshot of the current page and embeds it into the log.</doc>
<msg timestamp="20161102 01:43:18.268" level="FAIL">No browser is open</msg>
<status status="FAIL" endtime="20161102 01:43:18.269" starttime="20161102 01:43:18.248"></status>
</kw>
<msg timestamp="20161102 01:43:18.269" level="WARN">Keyword 'Capture Page Screenshot' could not be run on failure: No browser is open</msg>
<msg timestamp="20161102 01:43:18.271" level="FAIL">WebDriverException: Message: session not created exception
from unknown error: Runtime.executionContextCreated has invalid 'context': {"auxData":{"frameId":"8096.1","isDefault":true},"id":1,"name":"","origin":"://"}
  (Session info: chrome=54.0.2840.71)
  (Driver info: chromedriver=2.23.409699 (49b0fa931cda1caad0ae15b7d1b68004acd05129),platform=Windows NT 6.3.9600 x86_64)
</msg>
<status status="FAIL" endtime="20161102 01:43:18.271" starttime="20161102 01:43:15.251"></status>
</kw>
<status status="FAIL" endtime="20161102 01:43:18.272" starttime="20161102 01:43:15.250"></status>
</kw>
<status status="FAIL" endtime="20161102 01:43:18.272" starttime="20161102 01:43:15.248"></status>
</kw>
<test id="s1-s1-t1" name="Compensation_Admin_Side">
<tags>
<tag>ADMINPHANTOM</tag>
</tags>
<status status="FAIL" endtime="20161102 01:43:18.273" critical="yes" starttime="20161102 01:43:18.272">Parent suite setup failed:
WebDriverException: Message: session not created exception
from unknown error: Runtime.executionContextCreated has invalid 'context': {"auxData":{"frameId":"8096.1","isDefault":true},"id":1,"name":"","origin":"://"}
  (Session info: chrome=54.0.2840.71)
  (Driver info: chromedriver=2.23.409699 (49b0fa931cda1caad0ae15b7d1b68004acd05129),platform=Windows NT 6.3.9600 x86_64)
</status>
</test>
<kw type="teardown" name="Global Test Fixture Suite Teardown with Email Attachment" library="GlobalKeywords">
<doc>Test fixture that handles suite teardown</doc>
<kw name="Close All Browsers" library="Selenium2Library">
<doc>Closes all open browsers and resets the browser cache.</doc>
<status status="PASS" endtime="20161102 01:43:18.275" starttime="20161102 01:43:18.275"></status>
</kw>
<kw name="Set Variable" library="BuiltIn">
<doc>Returns the given values which can then be assigned to a variables.</doc>
<arguments>
<arg>${SUITE_STATUS}</arg>
</arguments>
<assign>
<var>${comp_status}</var>
</assign>
<msg timestamp="20161102 01:43:18.276" level="INFO">${comp_status} = FAIL</msg>
<status status="PASS" endtime="20161102 01:43:18.276" starttime="20161102 01:43:18.276"></status>
</kw>
<kw name="Set Variable" library="BuiltIn">
<doc>Returns the given values which can then be assigned to a variables.</doc>
<arguments>
<arg>${SUITE_NAME}</arg>
</arguments>
<assign>
<var>${comp_suite_name}</var>
</assign>
<msg timestamp="20161102 01:43:18.277" level="INFO">${comp_suite_name} = TestSuites.COMP-Smoketest-Admin-Side</msg>
<status status="PASS" endtime="20161102 01:43:18.277" starttime="20161102 01:43:18.277"></status>
</kw>
<kw name="Send Mail With Attachment" library="GmailEmailLibrary">
<arguments>
<arg>geefung@gmail.com</arg>
<arg>popeye123</arg>
<arg>gfung@csod.com</arg>
<arg>${comp_smoke_test_status} ${comp_suite_name} ${cfg_global_login_profile} ${comp_status}</arg>
<arg>This is the Compensation Smoketest please take the time to review the Test Suite results attached html file.</arg>
<arg>C:\\Users\\gfung\\Documents\\RobotFrameworkTeam\\CSOD_RobotFramework\\COMP\\TestResults\\report.html</arg>
</arguments>
<status status="PASS" endtime="20161102 01:43:21.242" starttime="20161102 01:43:18.278"></status>
</kw>
<status status="PASS" endtime="20161102 01:43:21.242" starttime="20161102 01:43:18.274"></status>
</kw>
<metadata>
<item name="Log of First Run">[first_run_log.html|first_run_log.html]</item>
<item name="Log of Second Run">[second_run_log.html|second_run_log.html]</item>
</metadata>
<status status="FAIL" endtime="20161102 01:43:21.242" starttime="20161102 01:43:12.993">Suite setup failed:
WebDriverException: Message: session not created exception
from unknown error: Runtime.executionContextCreated has invalid 'context': {"auxData":{"frameId":"8096.1","isDefault":true},"id":1,"name":"","origin":"://"}
  (Session info: chrome=54.0.2840.71)
  (Driver info: chromedriver=2.23.409699 (49b0fa931cda1caad0ae15b7d1b68004acd05129),platform=Windows NT 6.3.9600 x86_64)
</status>
</suite>
<status status="FAIL" endtime="20161102 01:43:21.245" starttime="20161102 01:43:12.910"></status>
</suite>
<statistics>
<total>
<stat fail="1" pass="0">Critical Tests</stat>
<stat fail="1" pass="0">All Tests</stat>
</total>
<tag>
<stat fail="1" pass="0">ADMINPHANTOM</stat>
</tag>
<suite>
<stat fail="1" id="s1" name="TestSuites" pass="0">TestSuites</stat>
<stat fail="1" id="s1-s1" name="COMP-Smoketest-Admin-Side" pass="0">TestSuites.COMP-Smoketest-Admin-Side</stat>
</suite>
</statistics>
<errors>
<msg timestamp="20161102 01:43:18.269" level="WARN">Keyword 'Capture Page Screenshot' could not be run on failure: No browser is open</msg>
</errors>
</robot>
